INFO - [+] Runtime code detected
INFO - [+] Runtime code detected
INFO - [+] Runtime code detected
INFO - [+] Runtime code detected
INFO - [+] Runtime code detected
WARNING - function signatures collision: ['symbol()', 'link_classic_internal(uint64,int64)']
WARNING - function signatures collision: ['ideal_warn_timed(uint256,uint128)', 'owner()']
WARNING - function signatures collision: ['decimals()', 'available_assert_time(uint16,uint64)']
INFO - [+] Runtime code detected
INFO - [+] Runtime code detected
WARNING - function signatures collision: ['ideal_warn_timed(uint256,uint128)', 'owner()']
WARNING - function signatures collision: ['ideal_warn_timed(uint256,uint128)', 'owner()']
WARNING - function signatures collision: ['symbol()', 'link_classic_internal(uint64,int64)']
WARNING - function signatures collision: ['decimals()', 'available_assert_time(uint16,uint64)']
INFO - [+] Runtime code detected
INFO - [+] Runtime code detected
INFO - [+] Runtime code detected
INFO - [+] Runtime code detected
WARNING - function signatures collision: ['ideal_warn_timed(uint256,uint128)', 'owner()']
WARNING - function signatures collision: ['symbol()', 'link_classic_internal(uint64,int64)']
WARNING - function signatures collision: ['decimals()', 'available_assert_time(uint16,uint64)']
INFO - [+] Runtime code detected
INFO - [+] Runtime code detected
INFO - [+] Runtime code detected
INFO - [+] Runtime code detected
INFO - [+] Runtime code detected
WARNING - function signatures collision: ['ideal_warn_timed(uint256,uint128)', 'owner()']
WARNING - function signatures collision: ['symbol()', 'link_classic_internal(uint64,int64)']
WARNING - function signatures collision: ['decimals()', 'available_assert_time(uint16,uint64)']
INFO - [+] Runtime code detected
INFO - [+] Runtime code detected
INFO - [+] Runtime code detected
INFO - [+] Runtime code detected
INFO - [+] Runtime code detected
INFO - [+] Runtime code detected
INFO - [+] Runtime code detected
INFO - [+] Runtime code detected
INFO - [+] Runtime code detected
INFO - [+] Runtime code detected
WARNING - function signatures collision: ['ideal_warn_timed(uint256,uint128)', 'owner()']
WARNING - function signatures collision: ['symbol()', 'link_classic_internal(uint64,int64)']
WARNING - function signatures collision: ['decimals()', 'available_assert_time(uint16,uint64)']
WARNING - function signatures collision: ['symbol()', 'link_classic_internal(uint64,int64)']
WARNING - function signatures collision: ['ideal_warn_timed(uint256,uint128)', 'owner()']
WARNING - function signatures collision: ['decimals()', 'available_assert_time(uint16,uint64)']
WARNING - enum_func_static Exception
WARNING - enum_func_static Exception
WARNING - function signatures collision: ['symbol()', 'link_classic_internal(uint64,int64)']
WARNING - function signatures collision: ['ideal_warn_timed(uint256,uint128)', 'owner()']
WARNING - function signatures collision: ['decimals()', 'available_assert_time(uint16,uint64)']
WARNING - function signatures collision: ['symbol()', 'link_classic_internal(uint64,int64)']
WARNING - function signatures collision: ['ideal_warn_timed(uint256,uint128)', 'owner()']
WARNING - function signatures collision: ['decimals()', 'available_assert_time(uint16,uint64)']
WARNING - function signatures collision: ['ideal_warn_timed(uint256,uint128)', 'owner()']
WARNING - function signatures collision: ['symbol()', 'link_classic_internal(uint64,int64)']
WARNING - function signatures collision: ['decimals()', 'available_assert_time(uint16,uint64)']
INFO - [+] Runtime code detected
INFO - [+] Runtime code detected
WARNING - function signatures collision: ['symbol()', 'link_classic_internal(uint64,int64)']
WARNING - function signatures collision: ['decimals()', 'available_assert_time(uint16,uint64)']
WARNING - enum_func_static Exception
INFO - [+] Runtime code detected
WARNING - enum_func_static Exception
WARNING - function signatures collision: ['ideal_warn_timed(uint256,uint128)', 'owner()']
WARNING - function signatures collision: ['symbol()', 'link_classic_internal(uint64,int64)']
WARNING - function signatures collision: ['decimals()', 'available_assert_time(uint16,uint64)']
INFO - [+] Runtime code detected
INFO - [+] Runtime code detected
WARNING - enum_func_static Exception
WARNING - function signatures collision: ['symbol()', 'link_classic_internal(uint64,int64)']
WARNING - function signatures collision: ['ideal_warn_timed(uint256,uint128)', 'owner()']
WARNING - function signatures collision: ['decimals()', 'available_assert_time(uint16,uint64)']
INFO - [+] Runtime code detected
INFO - [+] Runtime code detected
WARNING - function signatures collision: ['symbol()', 'link_classic_internal(uint64,int64)']
WARNING - function signatures collision: ['ideal_warn_timed(uint256,uint128)', 'owner()']
WARNING - function signatures collision: ['decimals()', 'available_assert_time(uint16,uint64)']
WARNING - function signatures collision: ['ideal_warn_timed(uint256,uint128)', 'owner()']
WARNING - function signatures collision: ['symbol()', 'link_classic_internal(uint64,int64)']
WARNING - function signatures collision: ['collate_propagate_storage(bytes16)', 'burn(uint256)']
WARNING - function signatures collision: ['symbol()', 'link_classic_internal(uint64,int64)']
WARNING - function signatures collision: ['ideal_warn_timed(uint256,uint128)', 'owner()']
WARNING - function signatures collision: ['decimals()', 'available_assert_time(uint16,uint64)']
INFO - [+] Runtime code detected
INFO - [+] Swarm hash detected in bytecode
INFO - [+] Swarm hash value: 0xa165627a7a723058203199a3fe211106367c0cc7f77e5f5363a8d38563449b8eac7f1761065db6b58d0029
INFO - [+] Swarm hash removed from bytecode
WARNING - function signatures collision: ['decimals()', 'available_assert_time(uint16,uint64)']
WARNING - function signatures collision: ['ideal_warn_timed(uint256,uint128)', 'owner()']
WARNING - function signatures collision: ['symbol()', 'link_classic_internal(uint64,int64)']
INFO - [+] Runtime code detected
INFO - [+] Runtime code detected
WARNING - enum_func_static Exception
INFO - [+] Runtime code detected
INFO - [+] Runtime code detected
INFO - [+] Runtime code detected
